<?xml version="1.0" encoding="UTF-8"?>
<!-- Generated by org.testng.reporters.JUnitReportReporter -->
<testsuite hostname="DESKTOP-DF79S8Q" name="testcl.Ngclass" tests="1" failures="0" timestamp="22 Nov 2021 08:58:41 GMT" time="0.014" errors="0">
  <testcase name="test" time="0.014" classname="testcl.Ngclass"/>
</testsuite> <!-- testcl.Ngclass -->
