<?xml version="1.0" encoding="UTF-8"?>
<!-- Generated by org.testng.reporters.JUnitReportReporter -->
<testsuite hostname="DESKTOP-DF79S8Q" name="com.hotal.Hotalexe" tests="1" failures="0" timestamp="30 Nov 2021 14:22:07 GMT" time="2.241" errors="0">
  <testcase name="regester" time="2.241" classname="com.hotal.Hotalexe"/>
</testsuite> <!-- com.hotal.Hotalexe -->
