<?xml version="1.0" encoding="UTF-8"?>
<!-- Generated by org.testng.reporters.JUnitReportReporter -->
<testsuite hostname="DESKTOP-DF79S8Q" name="run.DependsON" tests="3" failures="0" timestamp="25 Nov 2021 08:14:20 GMT" time="0.056" errors="0">
  <testcase name="testb" time="0.003" classname="run.DependsON"/>
  <testcase name="testa" time="0.043" classname="run.DependsON"/>
  <testcase name="testc" time="0.010" classname="run.DependsON"/>
</testsuite> <!-- run.DependsON -->
