<?xml version="1.0" encoding="UTF-8"?>
<!-- Generated by org.testng.reporters.JUnitReportReporter -->
<testsuite hostname="DESKTOP-DF79S8Q" name="run.AdactinExecution" tests="1" failures="0" timestamp="27 Nov 2021 13:50:31 GMT" time="4.229" errors="0">
  <testcase name="loginWithInValidCredentias" time="4.229" classname="run.AdactinExecution"/>
</testsuite> <!-- run.AdactinExecution -->
