<?xml version="1.0" encoding="UTF-8"?>
<!-- Generated by org.testng.reporters.JUnitReportReporter -->
<testsuite hostname="DESKTOP-DF79S8Q" name="run.TestNGPriority" tests="6" failures="0" timestamp="25 Nov 2021 08:04:56 GMT" time="0.065" errors="0">
  <testcase name="testf" time="0.005" classname="run.TestNGPriority"/>
  <testcase name="testg" time="0.003" classname="run.TestNGPriority"/>
  <testcase name="testc" time="0.037" classname="run.TestNGPriority"/>
  <testcase name="testd" time="0.009" classname="run.TestNGPriority"/>
  <testcase name="testa" time="0.005" classname="run.TestNGPriority"/>
  <testcase name="teste" time="0.006" classname="run.TestNGPriority"/>
</testsuite> <!-- run.TestNGPriority -->
